2018-12-18 23:38:24 +0000  Initial pipeline context: <IDEDistributionProcessingPipelineContext: 0x7f98d7b9f130; archive(resolved)='<IDEArchive: 0x7f98d4223340>', distributionTask(resolved)='2', distributionMethod(resolved)='<IDEDistributionMethodDirectDistribution: 0x7f98d422b670>', team(resolved)='<IDEProvisioningBasicTeam: 0x7f98bc055ef0; teamID='Y3867YPTW6', teamName='Himalaya Studios Inc.'>'>
	Chain (10, self inclusive):
	<IDEDistributionProcessingPipelineContext: 0x7f98d7b9f130; archive = '<IDEArchive: 0x7f98d4223340>', distributionMethod='<IDEDistributionMethodDirectDistribution: 0x7f98d422b670>', team='<IDEProvisioningBasicTeam: 0x7f98bc055ef0; teamID='Y3867YPTW6', teamName='Himalaya Studios Inc.'>'>
	<IDEDistributionProcessingPipelineContext: 0x7f98d36d1470; archive = '<IDEArchive: 0x7f98d4223340>', distributionMethod='<IDEDistributionMethodDirectDistribution: 0x7f98d422b670>', team='<IDEProvisioningBasicTeam: 0x7f98bc055ef0; teamID='Y3867YPTW6', teamName='Himalaya Studios Inc.'>'>
	<IDEDistributionContext: 0x7f98d4126e60; archive = '<IDEArchive: 0x7f98d4223340>', distributionMethod='<IDEDistributionMethodDirectDistribution: 0x7f98d422b670>', team='<IDEProvisioningBasicTeam: 0x7f98bc055ef0; teamID='Y3867YPTW6', teamName='Himalaya Studios Inc.'>'>
	<IDEDistributionContext: 0x7f98d3506880; archive = '<IDEArchive: 0x7f98d4223340>', distributionMethod='<IDEDistributionMethodDirectDistribution: 0x7f98d422b670>', team='<IDEProvisioningBasicTeam: 0x7f98bc055ef0; teamID='Y3867YPTW6', teamName='Himalaya Studios Inc.'>'>
	<IDEDistributionContext: 0x7f98bc846ae0; archive = '<IDEArchive: 0x7f98d4223340>', distributionMethod='<IDEDistributionMethodDirectDistribution: 0x7f98d422b670>', team='<IDEProvisioningBasicTeam: 0x7f98bc055ef0; teamID='Y3867YPTW6', teamName='Himalaya Studios Inc.'>'>
	<IDEDistributionContext: 0x7f98d1e68460; archive = '<IDEArchive: 0x7f98d4223340>', distributionMethod='<IDEDistributionMethodDirectDistribution: 0x7f98d422b670>', team='<IDEProvisioningBasicTeam: 0x7f98bc055ef0; teamID='Y3867YPTW6', teamName='Himalaya Studios Inc.'>'>
	<IDEDistributionContext: 0x7f98bc4a3e90; archive = '<IDEArchive: 0x7f98d4223340>', distributionMethod='<IDEDistributionMethodDirectDistribution: 0x7f98d422b670>', team='<IDEProvisioningBasicTeam: 0x7f98bc055ef0; teamID='Y3867YPTW6', teamName='Himalaya Studios Inc.'>'>
	<IDEDistributionContext: 0x7f98bcb46850; archive = '<IDEArchive: 0x7f98d4223340>', distributionMethod='<IDEDistributionMethodDirectDistribution: 0x7f98d422b670>', team='<IDEProvisioningBasicTeam: 0x7f98bc055ef0; teamID='Y3867YPTW6', teamName='Himalaya Studios Inc.'>'>
	<IDEDistributionContext: 0x7f98b9588260; archive = '<IDEArchive: 0x7f98d4223340>', distributionMethod='<IDEDistributionMethodDirectDistribution: 0x7f98d422b670>', team='(null)'>
	<IDEDistributionContext: 0x7f98d549f280; archive = '<IDEArchive: 0x7f98d4223340>', distributionMethod='(null)', team='(null)'>
</IDEDistributionProcessingPipelineContext: 0x7f98d7b9f130>
2018-12-18 23:38:24 +0000  Processing step: IDEDistributionCreateDestRootStep
2018-12-18 23:38:24 +0000  Processing step: IDEDistributionCopyItemStep
2018-12-18 23:38:24 +0000  Running /usr/bin/ditto '-V' "/Users/chris/Library/Developer/Xcode/Archives/2018-12-18/MagesInitiation_Steam 2018-12-18, 4.38 PM.xcarchive/Products/Applications/Mage's Initiation.app" "/var/folders/hf/3rgfj60n6wvd5zcgxvtk3b_c0000gn/T/XcodeDistPipeline.ZXt/Root/Applications/Mage's Initiation.app"
2018-12-18 23:38:24 +0000  >>> Copying /Users/chris/Library/Developer/Xcode/Archives/2018-12-18/MagesInitiation_Steam 2018-12-18, 4.38 PM.xcarchive/Products/Applications/Mage's Initiation.app 
2018-12-18 23:38:24 +0000  copying file ./Contents/_CodeSignature/CodeResources ... 
2018-12-18 23:38:24 +0000  10173 bytes for ./Contents/_CodeSignature/CodeResources
2018-12-18 23:38:24 +0000  copying file ./Contents/Frameworks/libagsteam.dylib ... 
2018-12-18 23:38:24 +0000  210592 bytes for ./Contents/Frameworks/libagsteam.dylib
2018-12-18 23:38:24 +0000  copying file ./Contents/Frameworks/libsteam_api.dylib ... 
2018-12-18 23:38:24 +0000  611808 bytes for ./Contents/Frameworks/libsteam_api.dylib
2018-12-18 23:38:24 +0000  copying file ./Contents/Info.plist ... 
1610 bytes for ./Contents/Info.plist
copying file ./Contents/MacOS/libsteam_api.dylib ... 
611808 bytes for ./Contents/MacOS/libsteam_api.dylib
copying file ./Contents/MacOS/Mage's Initiation ... 
2018-12-18 23:38:24 +0000  3828480 bytes for ./Contents/MacOS/Mage's Initiation
2018-12-18 23:38:24 +0000  copying file ./Contents/PkgInfo ... 
8 bytes for ./Contents/PkgInfo
copying file ./Contents/Resources/ac2game.dat ... 
2018-12-18 23:38:24 +0000  30223847 bytes for ./Contents/Resources/ac2game.dat
copying file ./Contents/Resources/acsetup.cfg ... 
2018-12-18 23:38:24 +0000  540 bytes for ./Contents/Resources/acsetup.cfg
copying file ./Contents/Resources/AppIcon.icns ... 
1812088 bytes for ./Contents/Resources/AppIcon.icns
copying file ./Contents/Resources/Assets.car ... 
2018-12-18 23:38:24 +0000  2916744 bytes for ./Contents/Resources/Assets.car
copying file ./Contents/Resources/audio.vox ... 
2018-12-18 23:38:24 +0000  108106622 bytes for ./Contents/Resources/audio.vox
copying file ./Contents/Resources/Mages_Initiation.001 ... 
2018-12-18 23:38:25 +0000  595484909 bytes for ./Contents/Resources/Mages_Initiation.001
copying file ./Contents/Resources/Mages_Initiation.002 ... 
2018-12-18 23:38:25 +0000  17070062 bytes for ./Contents/Resources/Mages_Initiation.002
copying file ./Contents/Resources/Mages_Initiation.003 ... 
2018-12-18 23:38:25 +0000  17860437 bytes for ./Contents/Resources/Mages_Initiation.003
copying file ./Contents/Resources/Mages_Initiation.004 ... 
2018-12-18 23:38:25 +0000  16182802 bytes for ./Contents/Resources/Mages_Initiation.004
copying file ./Contents/Resources/Mages_Initiation.005 ... 
2018-12-18 23:38:25 +0000  16763700 bytes for ./Contents/Resources/Mages_Initiation.005
copying file ./Contents/Resources/Mages_Initiation.006 ... 
2018-12-18 23:38:25 +0000  16473996 bytes for ./Contents/Resources/Mages_Initiation.006
2018-12-18 23:38:25 +0000  copying file ./Contents/Resources/Mages_Initiation.007 ... 
2018-12-18 23:38:25 +0000  17278716 bytes for ./Contents/Resources/Mages_Initiation.007
copying file ./Contents/Resources/Mages_Initiation.008 ... 
2018-12-18 23:38:26 +0000  16887564 bytes for ./Contents/Resources/Mages_Initiation.008
copying file ./Contents/Resources/Mages_Initiation.009 ... 
2018-12-18 23:38:26 +0000  24370029 bytes for ./Contents/Resources/Mages_Initiation.009
copying file ./Contents/Resources/Mages_Initiation.010 ... 
2018-12-18 23:38:26 +0000  24489788 bytes for ./Contents/Resources/Mages_Initiation.010
copying file ./Contents/Resources/Mages_Initiation.011 ... 
2018-12-18 23:38:26 +0000  527634 bytes for ./Contents/Resources/Mages_Initiation.011
2018-12-18 23:38:26 +0000  copying file ./Contents/Resources/MainMenu.nib ... 
2018-12-18 23:38:26 +0000  5605 bytes for ./Contents/Resources/MainMenu.nib
2018-12-18 23:38:26 +0000  copying file ./Contents/Resources/Resource001.him ... 
2018-12-18 23:38:26 +0000  13254 bytes for ./Contents/Resources/Resource001.him
copying file ./Contents/Resources/Resource002.him ... 
2018-12-18 23:38:26 +0000  17956 bytes for ./Contents/Resources/Resource002.him
2018-12-18 23:38:26 +0000  copying file ./Contents/Resources/speech.vox ... 
2018-12-18 23:38:27 +0000  399172325 bytes for ./Contents/Resources/speech.vox
copying file ./Contents/Resources/steam_appid.txt ... 
2018-12-18 23:38:27 +0000  /usr/bin/ditto exited with 0
2018-12-18 23:38:27 +0000  2018-12-18 23:38:27 +0000  6 bytes for ./Contents/Resources/steam_appid.txt

2018-12-18 23:38:27 +0000  Processing step: IDEDistributionEmbedProfileStep
2018-12-18 23:38:27 +0000  Skipping profile for item: <IDEDistributionItem: 0x7f98bafb52e0 '(null)' '<DVTFilePath:0x7f98bc05f030:'/Users/chris/Library/Developer/Xcode/Archives/2018-12-18/MagesInitiation_Steam 2018-12-18, 4.38 PM.xcarchive/Products/Applications/Mage's Initiation.app/Contents/Frameworks/libagsteam.dylib'>'>
2018-12-18 23:38:27 +0000  Skipping profile for item: <IDEDistributionItem: 0x7f98bcbac030 '(null)' '<DVTFilePath:0x7f98d7a48a30:'/Users/chris/Library/Developer/Xcode/Archives/2018-12-18/MagesInitiation_Steam 2018-12-18, 4.38 PM.xcarchive/Products/Applications/Mage's Initiation.app/Contents/Frameworks/libsteam_api.dylib'>'>
2018-12-18 23:38:27 +0000  Skipping profile for item: <IDEDistributionItem: 0x7f98bcbabc00 '(null)' '<DVTFilePath:0x7f98bae9eb90:'/Users/chris/Library/Developer/Xcode/Archives/2018-12-18/MagesInitiation_Steam 2018-12-18, 4.38 PM.xcarchive/Products/Applications/Mage's Initiation.app/Contents/MacOS/libsteam_api.dylib'>'>
2018-12-18 23:38:27 +0000  Skipping profile for item: <IDEDistributionItem: 0x7f98bc040780 'com.himalayastudios.mac.magesinitiation' '<DVTFilePath:0x7f98bc5578f0:'/Users/chris/Library/Developer/Xcode/Archives/2018-12-18/MagesInitiation_Steam 2018-12-18, 4.38 PM.xcarchive/Products/Applications/Mage's Initiation.app'>'>
2018-12-18 23:38:27 +0000  Processing step: IDEDistributionAppThinningPlistStep
2018-12-18 23:38:27 +0000  Processing step: IDEDistributionCompileBitcodeStep
2018-12-18 23:38:27 +0000  Skipping step: IDEDistributionCompileBitcodeStep because it said so
2018-12-18 23:38:27 +0000  Processing step: IDEDistributionCodeSlimmingStep
2018-12-18 23:38:27 +0000  Processing step: IDEDistributionCopyBCSymbolMapsStep
2018-12-18 23:38:27 +0000  Skipping step: IDEDistributionCopyBCSymbolMapsStep because it said so
2018-12-18 23:38:27 +0000  Skipping step: IDEDistributionCopyBCSymbolMapsStep because it said so
2018-12-18 23:38:27 +0000  Skipping step: IDEDistributionCopyBCSymbolMapsStep because it said so
2018-12-18 23:38:27 +0000  Skipping step: IDEDistributionCopyBCSymbolMapsStep because it said so
2018-12-18 23:38:27 +0000  Processing step: IDEDistributionSymbolsStep
2018-12-18 23:38:27 +0000  Skipping step: IDEDistributionSymbolsStep because it said so
2018-12-18 23:38:27 +0000  Skipping step: IDEDistributionSymbolsStep because it said so
2018-12-18 23:38:27 +0000  Skipping step: IDEDistributionSymbolsStep because it said so
2018-12-18 23:38:27 +0000  Skipping step: IDEDistributionSymbolsStep because it said so
2018-12-18 23:38:27 +0000  Processing step: IDEDistributionAppThinningStep
2018-12-18 23:38:27 +0000  Skipping step: IDEDistributionAppThinningStep because it said so
2018-12-18 23:38:27 +0000  Processing step: IDEDistributionODRStep
2018-12-18 23:38:27 +0000  Processing step: IDEDistributionStripXattrsStep
2018-12-18 23:38:27 +0000  Skipping stripping extended attributes of item: <IDEDistributionItem: 0x7f98bafb52e0 '(null)' '<DVTFilePath:0x7f98bc05f030:'/Users/chris/Library/Developer/Xcode/Archives/2018-12-18/MagesInitiation_Steam 2018-12-18, 4.38 PM.xcarchive/Products/Applications/Mage's Initiation.app/Contents/Frameworks/libagsteam.dylib'>'>
2018-12-18 23:38:27 +0000  Skipping stripping extended attributes of item: <IDEDistributionItem: 0x7f98bcbac030 '(null)' '<DVTFilePath:0x7f98d7a48a30:'/Users/chris/Library/Developer/Xcode/Archives/2018-12-18/MagesInitiation_Steam 2018-12-18, 4.38 PM.xcarchive/Products/Applications/Mage's Initiation.app/Contents/Frameworks/libsteam_api.dylib'>'>
2018-12-18 23:38:27 +0000  Skipping stripping extended attributes of item: <IDEDistributionItem: 0x7f98bcbabc00 '(null)' '<DVTFilePath:0x7f98bae9eb90:'/Users/chris/Library/Developer/Xcode/Archives/2018-12-18/MagesInitiation_Steam 2018-12-18, 4.38 PM.xcarchive/Products/Applications/Mage's Initiation.app/Contents/MacOS/libsteam_api.dylib'>'>
2018-12-18 23:38:27 +0000  Running /usr/bin/xattr '-crs' "/var/folders/hf/3rgfj60n6wvd5zcgxvtk3b_c0000gn/T/XcodeDistPipeline.ZXt/Root/Applications/Mage's Initiation.app"
2018-12-18 23:38:28 +0000  
2018-12-18 23:38:28 +0000  2018-12-18 23:38:28 +0000  /usr/bin/xattr exited with 0

2018-12-18 23:38:28 +0000  
2018-12-18 23:38:28 +0000  Processing step: IDEDistributionCodesignStep
2018-12-18 23:38:28 +0000  Entitlements for <IDEDistributionItem: 0x7f98bafb52e0 '(null)' '<DVTFilePath:0x7f98bc05f030:'/Users/chris/Library/Developer/Xcode/Archives/2018-12-18/MagesInitiation_Steam 2018-12-18, 4.38 PM.xcarchive/Products/Applications/Mage's Initiation.app/Contents/Frameworks/libagsteam.dylib'>'>: {
}
2018-12-18 23:38:28 +0000  Writing entitlements for <IDEDistributionItem: 0x7f98bafb52e0 '(null)' '<DVTFilePath:0x7f98bc05f030:'/Users/chris/Library/Developer/Xcode/Archives/2018-12-18/MagesInitiation_Steam 2018-12-18, 4.38 PM.xcarchive/Products/Applications/Mage's Initiation.app/Contents/Frameworks/libagsteam.dylib'>'> to: /var/folders/hf/3rgfj60n6wvd5zcgxvtk3b_c0000gn/T/XcodeDistPipeline.ZXt/entitlementsLQza2m
2018-12-18 23:38:28 +0000  Running /usr/bin/codesign '-vvv' '--force' '--sign' '42E698C2F755D202C0D4AFA43542CFCEA980F412' '--preserve-metadata=identifier,flags' '--entitlements' '/var/folders/hf/3rgfj60n6wvd5zcgxvtk3b_c0000gn/T/XcodeDistPipeline.ZXt/entitlementsLQza2m' '--requirements' '=designated => anchor apple generic  and identifier "$self.identifier" and ((cert leaf[field.1.2.840.113635.100.6.1.9] exists) or ( certificate 1[field.1.2.840.113635.100.6.2.6] exists and certificate leaf[field.1.2.840.113635.100.6.1.13] exists  and certificate leaf[subject.OU] = "Y3867YPTW6" ))' "/var/folders/hf/3rgfj60n6wvd5zcgxvtk3b_c0000gn/T/XcodeDistPipeline.ZXt/Root/Applications/Mage's Initiation.app/Contents/Frameworks/libagsteam.dylib"
2018-12-18 23:38:28 +0000  /var/folders/hf/3rgfj60n6wvd5zcgxvtk3b_c0000gn/T/XcodeDistPipeline.ZXt/Root/Applications/Mage's Initiation.app/Contents/Frameworks/libagsteam.dylib: replacing existing signature
2018-12-18 23:38:28 +0000  /var/folders/hf/3rgfj60n6wvd5zcgxvtk3b_c0000gn/T/XcodeDistPipeline.ZXt/Root/Applications/Mage's Initiation.app/Contents/Frameworks/libagsteam.dylib: signed Mach-O thin (x86_64) [libagsteam]
2018-12-18 23:38:28 +0000  
2018-12-18 23:38:28 +0000  
2018-12-18 23:38:28 +0000  
2018-12-18 23:38:28 +0000  2018-12-18 23:38:28 +0000  /usr/bin/codesign exited with 0

2018-12-18 23:38:28 +0000  
2018-12-18 23:38:28 +0000  Entitlements for <IDEDistributionItem: 0x7f98bcbac030 '(null)' '<DVTFilePath:0x7f98d7a48a30:'/Users/chris/Library/Developer/Xcode/Archives/2018-12-18/MagesInitiation_Steam 2018-12-18, 4.38 PM.xcarchive/Products/Applications/Mage's Initiation.app/Contents/Frameworks/libsteam_api.dylib'>'>: {
}
2018-12-18 23:38:28 +0000  Writing entitlements for <IDEDistributionItem: 0x7f98bcbac030 '(null)' '<DVTFilePath:0x7f98d7a48a30:'/Users/chris/Library/Developer/Xcode/Archives/2018-12-18/MagesInitiation_Steam 2018-12-18, 4.38 PM.xcarchive/Products/Applications/Mage's Initiation.app/Contents/Frameworks/libsteam_api.dylib'>'> to: /var/folders/hf/3rgfj60n6wvd5zcgxvtk3b_c0000gn/T/XcodeDistPipeline.ZXt/entitlementsLPpQnU
2018-12-18 23:38:28 +0000  Running /usr/bin/codesign '-vvv' '--force' '--sign' '42E698C2F755D202C0D4AFA43542CFCEA980F412' '--preserve-metadata=identifier,flags' '--entitlements' '/var/folders/hf/3rgfj60n6wvd5zcgxvtk3b_c0000gn/T/XcodeDistPipeline.ZXt/entitlementsLPpQnU' '--requirements' '=designated => anchor apple generic  and identifier "$self.identifier" and ((cert leaf[field.1.2.840.113635.100.6.1.9] exists) or ( certificate 1[field.1.2.840.113635.100.6.2.6] exists and certificate leaf[field.1.2.840.113635.100.6.1.13] exists  and certificate leaf[subject.OU] = "Y3867YPTW6" ))' "/var/folders/hf/3rgfj60n6wvd5zcgxvtk3b_c0000gn/T/XcodeDistPipeline.ZXt/Root/Applications/Mage's Initiation.app/Contents/Frameworks/libsteam_api.dylib"
2018-12-18 23:38:28 +0000  /var/folders/hf/3rgfj60n6wvd5zcgxvtk3b_c0000gn/T/XcodeDistPipeline.ZXt/Root/Applications/Mage's Initiation.app/Contents/Frameworks/libsteam_api.dylib: replacing existing signature
2018-12-18 23:38:28 +0000  /var/folders/hf/3rgfj60n6wvd5zcgxvtk3b_c0000gn/T/XcodeDistPipeline.ZXt/Root/Applications/Mage's Initiation.app/Contents/Frameworks/libsteam_api.dylib: signed Mach-O universal (i386 x86_64) [com.valvesoftware.steam]
2018-12-18 23:38:28 +0000  
2018-12-18 23:38:28 +0000  
2018-12-18 23:38:28 +0000  
2018-12-18 23:38:28 +0000  /usr/bin/codesign exited with 0
2018-12-18 23:38:28 +0000  
2018-12-18 23:38:28 +0000  
2018-12-18 23:38:28 +0000  Entitlements for <IDEDistributionItem: 0x7f98bcbabc00 '(null)' '<DVTFilePath:0x7f98bae9eb90:'/Users/chris/Library/Developer/Xcode/Archives/2018-12-18/MagesInitiation_Steam 2018-12-18, 4.38 PM.xcarchive/Products/Applications/Mage's Initiation.app/Contents/MacOS/libsteam_api.dylib'>'>: {
}
2018-12-18 23:38:28 +0000  Writing entitlements for <IDEDistributionItem: 0x7f98bcbabc00 '(null)' '<DVTFilePath:0x7f98bae9eb90:'/Users/chris/Library/Developer/Xcode/Archives/2018-12-18/MagesInitiation_Steam 2018-12-18, 4.38 PM.xcarchive/Products/Applications/Mage's Initiation.app/Contents/MacOS/libsteam_api.dylib'>'> to: /var/folders/hf/3rgfj60n6wvd5zcgxvtk3b_c0000gn/T/XcodeDistPipeline.ZXt/entitlementsAJCAJR
2018-12-18 23:38:28 +0000  Running /usr/bin/codesign '-vvv' '--force' '--sign' '42E698C2F755D202C0D4AFA43542CFCEA980F412' '--preserve-metadata=identifier,flags' '--entitlements' '/var/folders/hf/3rgfj60n6wvd5zcgxvtk3b_c0000gn/T/XcodeDistPipeline.ZXt/entitlementsAJCAJR' '--requirements' '=designated => anchor apple generic  and identifier "$self.identifier" and ((cert leaf[field.1.2.840.113635.100.6.1.9] exists) or ( certificate 1[field.1.2.840.113635.100.6.2.6] exists and certificate leaf[field.1.2.840.113635.100.6.1.13] exists  and certificate leaf[subject.OU] = "Y3867YPTW6" ))' "/var/folders/hf/3rgfj60n6wvd5zcgxvtk3b_c0000gn/T/XcodeDistPipeline.ZXt/Root/Applications/Mage's Initiation.app/Contents/MacOS/libsteam_api.dylib"
2018-12-18 23:38:28 +0000  /var/folders/hf/3rgfj60n6wvd5zcgxvtk3b_c0000gn/T/XcodeDistPipeline.ZXt/Root/Applications/Mage's Initiation.app/Contents/MacOS/libsteam_api.dylib: replacing existing signature
2018-12-18 23:38:29 +0000  /var/folders/hf/3rgfj60n6wvd5zcgxvtk3b_c0000gn/T/XcodeDistPipeline.ZXt/Root/Applications/Mage's Initiation.app/Contents/MacOS/libsteam_api.dylib: signed Mach-O universal (i386 x86_64) [com.valvesoftware.steam]
2018-12-18 23:38:29 +0000  
2018-12-18 23:38:29 +0000  
2018-12-18 23:38:29 +0000  
2018-12-18 23:38:29 +0000  2018-12-18 23:38:29 +0000  /usr/bin/codesign exited with 0

2018-12-18 23:38:29 +0000  
2018-12-18 23:38:29 +0000  Entitlements for <IDEDistributionItem: 0x7f98bc040780 'com.himalayastudios.mac.magesinitiation' '<DVTFilePath:0x7f98bc5578f0:'/Users/chris/Library/Developer/Xcode/Archives/2018-12-18/MagesInitiation_Steam 2018-12-18, 4.38 PM.xcarchive/Products/Applications/Mage's Initiation.app'>'>: {
}
2018-12-18 23:38:29 +0000  Writing entitlements for <IDEDistributionItem: 0x7f98bc040780 'com.himalayastudios.mac.magesinitiation' '<DVTFilePath:0x7f98bc5578f0:'/Users/chris/Library/Developer/Xcode/Archives/2018-12-18/MagesInitiation_Steam 2018-12-18, 4.38 PM.xcarchive/Products/Applications/Mage's Initiation.app'>'> to: /var/folders/hf/3rgfj60n6wvd5zcgxvtk3b_c0000gn/T/XcodeDistPipeline.ZXt/entitlementszKwN5C
2018-12-18 23:38:29 +0000  Running /usr/bin/codesign '-vvv' '--force' '--sign' '42E698C2F755D202C0D4AFA43542CFCEA980F412' '--preserve-metadata=identifier,flags' '--entitlements' '/var/folders/hf/3rgfj60n6wvd5zcgxvtk3b_c0000gn/T/XcodeDistPipeline.ZXt/entitlementszKwN5C' '--requirements' '=designated => anchor apple generic  and identifier "$self.identifier" and ((cert leaf[field.1.2.840.113635.100.6.1.9] exists) or ( certificate 1[field.1.2.840.113635.100.6.2.6] exists and certificate leaf[field.1.2.840.113635.100.6.1.13] exists  and certificate leaf[subject.OU] = "Y3867YPTW6" ))' "/var/folders/hf/3rgfj60n6wvd5zcgxvtk3b_c0000gn/T/XcodeDistPipeline.ZXt/Root/Applications/Mage's Initiation.app"
2018-12-18 23:38:29 +0000  /var/folders/hf/3rgfj60n6wvd5zcgxvtk3b_c0000gn/T/XcodeDistPipeline.ZXt/Root/Applications/Mage's Initiation.app: replacing existing signature
2018-12-18 23:38:40 +0000  /var/folders/hf/3rgfj60n6wvd5zcgxvtk3b_c0000gn/T/XcodeDistPipeline.ZXt/Root/Applications/Mage's Initiation.app: signed app bundle with Mach-O thin (x86_64) [com.himalayastudios.mac.magesinitiation]
2018-12-18 23:38:40 +0000  
2018-12-18 23:38:40 +0000  
2018-12-18 23:38:40 +0000  
2018-12-18 23:38:40 +0000  
2018-12-18 23:38:40 +0000  2018-12-18 23:38:40 +0000  /usr/bin/codesign exited with 0

2018-12-18 23:38:40 +0000  2018-12-18 23:38:40 +0000  

2018-12-18 23:38:40 +0000  Processing step: IDEDistributionStreamingZipItemStep
2018-12-18 23:38:40 +0000  Skipping step: IDEDistributionStreamingZipItemStep because it said so
2018-12-18 23:38:40 +0000  Skipping step: IDEDistributionStreamingZipItemStep because it said so
2018-12-18 23:38:40 +0000  Skipping step: IDEDistributionStreamingZipItemStep because it said so
2018-12-18 23:38:40 +0000  Skipping step: IDEDistributionStreamingZipItemStep because it said so
2018-12-18 23:38:40 +0000  Processing step: IDEDistributionSkipPackagingStep
2018-12-18 23:38:40 +0000  Processing step: IDEDistributionCreateManifestStep
2018-12-18 23:38:40 +0000  Skipping step: IDEDistributionCreateManifestStep because it said so
