2019-01-11 18:31:41 +0000  Initial pipeline context: <IDEDistributionProcessingPipelineContext: 0x7f9844018e20; archive(resolved)='<IDEArchive: 0x7f9842226210>', distributionTask(resolved)='2', distributionMethod(resolved)='<IDEDistributionMethodDirectDistribution: 0x7f9844d29ec0>', team(resolved)='<IDEProvisioningBasicTeam: 0x7f98442412d0; teamID='Y3867YPTW6', teamName='Himalaya Studios Inc.'>'>
	Chain (10, self inclusive):
	<IDEDistributionProcessingPipelineContext: 0x7f9844018e20; archive = '<IDEArchive: 0x7f9842226210>', distributionMethod='<IDEDistributionMethodDirectDistribution: 0x7f9844d29ec0>', team='<IDEProvisioningBasicTeam: 0x7f98442412d0; teamID='Y3867YPTW6', teamName='Himalaya Studios Inc.'>'>
	<IDEDistributionProcessingPipelineContext: 0x7f9846243130; archive = '<IDEArchive: 0x7f9842226210>', distributionMethod='<IDEDistributionMethodDirectDistribution: 0x7f9844d29ec0>', team='<IDEProvisioningBasicTeam: 0x7f98442412d0; teamID='Y3867YPTW6', teamName='Himalaya Studios Inc.'>'>
	<IDEDistributionContext: 0x7f9844e82330; archive = '<IDEArchive: 0x7f9842226210>', distributionMethod='<IDEDistributionMethodDirectDistribution: 0x7f9844d29ec0>', team='<IDEProvisioningBasicTeam: 0x7f98442412d0; teamID='Y3867YPTW6', teamName='Himalaya Studios Inc.'>'>
	<IDEDistributionContext: 0x7f9829597290; archive = '<IDEArchive: 0x7f9842226210>', distributionMethod='<IDEDistributionMethodDirectDistribution: 0x7f9844d29ec0>', team='<IDEProvisioningBasicTeam: 0x7f98442412d0; teamID='Y3867YPTW6', teamName='Himalaya Studios Inc.'>'>
	<IDEDistributionContext: 0x7f9849032f70; archive = '<IDEArchive: 0x7f9842226210>', distributionMethod='<IDEDistributionMethodDirectDistribution: 0x7f9844d29ec0>', team='<IDEProvisioningBasicTeam: 0x7f98442412d0; teamID='Y3867YPTW6', teamName='Himalaya Studios Inc.'>'>
	<IDEDistributionContext: 0x7f9844abe4f0; archive = '<IDEArchive: 0x7f9842226210>', distributionMethod='<IDEDistributionMethodDirectDistribution: 0x7f9844d29ec0>', team='<IDEProvisioningBasicTeam: 0x7f98442412d0; teamID='Y3867YPTW6', teamName='Himalaya Studios Inc.'>'>
	<IDEDistributionContext: 0x7f98440d9780; archive = '<IDEArchive: 0x7f9842226210>', distributionMethod='<IDEDistributionMethodDirectDistribution: 0x7f9844d29ec0>', team='<IDEProvisioningBasicTeam: 0x7f98442412d0; teamID='Y3867YPTW6', teamName='Himalaya Studios Inc.'>'>
	<IDEDistributionContext: 0x7f9845e681d0; archive = '<IDEArchive: 0x7f9842226210>', distributionMethod='<IDEDistributionMethodDirectDistribution: 0x7f9844d29ec0>', team='<IDEProvisioningBasicTeam: 0x7f98442412d0; teamID='Y3867YPTW6', teamName='Himalaya Studios Inc.'>'>
	<IDEDistributionContext: 0x7f9844f35a30; archive = '<IDEArchive: 0x7f9842226210>', distributionMethod='<IDEDistributionMethodDirectDistribution: 0x7f9844d29ec0>', team='(null)'>
	<IDEDistributionContext: 0x7f984365e050; archive = '<IDEArchive: 0x7f9842226210>', distributionMethod='(null)', team='(null)'>
</IDEDistributionProcessingPipelineContext: 0x7f9844018e20>
2019-01-11 18:31:41 +0000  Processing step: IDEDistributionCreateDestRootStep
2019-01-11 18:31:41 +0000  Processing step: IDEDistributionCopyItemStep
2019-01-11 18:31:41 +0000  Running /usr/bin/ditto '-V' "/Users/chris/Library/Developer/Xcode/Archives/2019-01-11/MagesInitiation_Steam 2019-01-11, 11.31 AM.xcarchive/Products/Applications/Mage's Initiation.app" "/var/folders/hf/3rgfj60n6wvd5zcgxvtk3b_c0000gn/T/XcodeDistPipeline.BCk/Root/Applications/Mage's Initiation.app"
2019-01-11 18:31:41 +0000  >>> Copying /Users/chris/Library/Developer/Xcode/Archives/2019-01-11/MagesInitiation_Steam 2019-01-11, 11.31 AM.xcarchive/Products/Applications/Mage's Initiation.app 
2019-01-11 18:31:41 +0000  copying file ./Contents/_CodeSignature/CodeResources ... 
2019-01-11 18:31:41 +0000  10173 bytes for ./Contents/_CodeSignature/CodeResources
2019-01-11 18:31:41 +0000  copying file ./Contents/Frameworks/libagsteam.dylib ... 
2019-01-11 18:31:41 +0000  210592 bytes for ./Contents/Frameworks/libagsteam.dylib
2019-01-11 18:31:41 +0000  copying file ./Contents/Frameworks/libsteam_api.dylib ... 
2019-01-11 18:31:41 +0000  611808 bytes for ./Contents/Frameworks/libsteam_api.dylib
2019-01-11 18:31:41 +0000  copying file ./Contents/Info.plist ... 
1604 bytes for ./Contents/Info.plist
copying file ./Contents/MacOS/libsteam_api.dylib ... 
2019-01-11 18:31:41 +0000  611808 bytes for ./Contents/MacOS/libsteam_api.dylib
copying file ./Contents/MacOS/Mage's Initiation ... 
2019-01-11 18:31:41 +0000  3828480 bytes for ./Contents/MacOS/Mage's Initiation
2019-01-11 18:31:41 +0000  copying file ./Contents/PkgInfo ... 
8 bytes for ./Contents/PkgInfo
copying file ./Contents/Resources/ac2game.dat ... 
2019-01-11 18:31:41 +0000  30439507 bytes for ./Contents/Resources/ac2game.dat
copying file ./Contents/Resources/acsetup.cfg ... 
2019-01-11 18:31:41 +0000  540 bytes for ./Contents/Resources/acsetup.cfg
copying file ./Contents/Resources/AppIcon.icns ... 
1812088 bytes for ./Contents/Resources/AppIcon.icns
copying file ./Contents/Resources/Assets.car ... 
2019-01-11 18:31:41 +0000  2916744 bytes for ./Contents/Resources/Assets.car
copying file ./Contents/Resources/audio.vox ... 
2019-01-11 18:31:41 +0000  108106622 bytes for ./Contents/Resources/audio.vox
copying file ./Contents/Resources/Mages_Initiation.001 ... 
2019-01-11 18:31:44 +0000  595484909 bytes for ./Contents/Resources/Mages_Initiation.001
copying file ./Contents/Resources/Mages_Initiation.002 ... 
2019-01-11 18:31:44 +0000  17075906 bytes for ./Contents/Resources/Mages_Initiation.002
copying file ./Contents/Resources/Mages_Initiation.003 ... 
2019-01-11 18:31:44 +0000  17864461 bytes for ./Contents/Resources/Mages_Initiation.003
copying file ./Contents/Resources/Mages_Initiation.004 ... 
2019-01-11 18:31:44 +0000  16186378 bytes for ./Contents/Resources/Mages_Initiation.004
copying file ./Contents/Resources/Mages_Initiation.005 ... 
2019-01-11 18:31:44 +0000  16765615 bytes for ./Contents/Resources/Mages_Initiation.005
copying file ./Contents/Resources/Mages_Initiation.006 ... 
2019-01-11 18:31:44 +0000  16479283 bytes for ./Contents/Resources/Mages_Initiation.006
copying file ./Contents/Resources/Mages_Initiation.007 ... 
2019-01-11 18:31:44 +0000  17284071 bytes for ./Contents/Resources/Mages_Initiation.007
copying file ./Contents/Resources/Mages_Initiation.008 ... 
2019-01-11 18:31:44 +0000  16887734 bytes for ./Contents/Resources/Mages_Initiation.008
copying file ./Contents/Resources/Mages_Initiation.009 ... 
2019-01-11 18:31:45 +0000  24374378 bytes for ./Contents/Resources/Mages_Initiation.009
copying file ./Contents/Resources/Mages_Initiation.010 ... 
2019-01-11 18:31:45 +0000  24489788 bytes for ./Contents/Resources/Mages_Initiation.010
copying file ./Contents/Resources/Mages_Initiation.011 ... 
2019-01-11 18:31:45 +0000  527634 bytes for ./Contents/Resources/Mages_Initiation.011
2019-01-11 18:31:45 +0000  copying file ./Contents/Resources/MainMenu.nib ... 
2019-01-11 18:31:45 +0000  5605 bytes for ./Contents/Resources/MainMenu.nib
copying file ./Contents/Resources/Resource001.him ... 
2019-01-11 18:31:45 +0000  13254 bytes for ./Contents/Resources/Resource001.him
2019-01-11 18:31:45 +0000  copying file ./Contents/Resources/Resource002.him ... 
2019-01-11 18:31:45 +0000  17885 bytes for ./Contents/Resources/Resource002.him
2019-01-11 18:31:45 +0000  copying file ./Contents/Resources/speech.vox ... 
2019-01-11 18:31:46 +0000  399173101 bytes for ./Contents/Resources/speech.vox
copying file ./Contents/Resources/steam_appid.txt ... 
2019-01-11 18:31:46 +0000  6 bytes for ./Contents/Resources/steam_appid.txt
2019-01-11 18:31:46 +0000  
2019-01-11 18:31:46 +0000  
2019-01-11 18:31:46 +0000  
2019-01-11 18:31:46 +0000  /usr/bin/ditto exited with 0
2019-01-11 18:31:46 +0000  
2019-01-11 18:31:46 +0000  
2019-01-11 18:31:46 +0000  Processing step: IDEDistributionEmbedProfileStep
2019-01-11 18:31:46 +0000  Skipping profile for item: <IDEDistributionItem: 0x7f9844f2d0b0 '(null)' '<DVTFilePath:0x7f9845e62230:'/Users/chris/Library/Developer/Xcode/Archives/2019-01-11/MagesInitiation_Steam 2019-01-11, 11.31 AM.xcarchive/Products/Applications/Mage's Initiation.app/Contents/Frameworks/libagsteam.dylib'>'>
2019-01-11 18:31:46 +0000  Skipping profile for item: <IDEDistributionItem: 0x7f9841482080 '(null)' '<DVTFilePath:0x7f9841fb16b0:'/Users/chris/Library/Developer/Xcode/Archives/2019-01-11/MagesInitiation_Steam 2019-01-11, 11.31 AM.xcarchive/Products/Applications/Mage's Initiation.app/Contents/Frameworks/libsteam_api.dylib'>'>
2019-01-11 18:31:46 +0000  Skipping profile for item: <IDEDistributionItem: 0x7f984426bb70 '(null)' '<DVTFilePath:0x7f9845e55a00:'/Users/chris/Library/Developer/Xcode/Archives/2019-01-11/MagesInitiation_Steam 2019-01-11, 11.31 AM.xcarchive/Products/Applications/Mage's Initiation.app/Contents/MacOS/libsteam_api.dylib'>'>
2019-01-11 18:31:46 +0000  Skipping profile for item: <IDEDistributionItem: 0x7f9844276bf0 'com.himalayastudios.mac.magesinitiation' '<DVTFilePath:0x7f984321bdd0:'/Users/chris/Library/Developer/Xcode/Archives/2019-01-11/MagesInitiation_Steam 2019-01-11, 11.31 AM.xcarchive/Products/Applications/Mage's Initiation.app'>'>
2019-01-11 18:31:46 +0000  Processing step: IDEDistributionAppThinningPlistStep
2019-01-11 18:31:46 +0000  Processing step: IDEDistributionCompileBitcodeStep
2019-01-11 18:31:46 +0000  Skipping step: IDEDistributionCompileBitcodeStep because it said so
2019-01-11 18:31:46 +0000  Processing step: IDEDistributionCodeSlimmingStep
2019-01-11 18:31:46 +0000  Processing step: IDEDistributionCopyBCSymbolMapsStep
2019-01-11 18:31:46 +0000  Skipping step: IDEDistributionCopyBCSymbolMapsStep because it said so
2019-01-11 18:31:46 +0000  Skipping step: IDEDistributionCopyBCSymbolMapsStep because it said so
2019-01-11 18:31:46 +0000  Skipping step: IDEDistributionCopyBCSymbolMapsStep because it said so
2019-01-11 18:31:46 +0000  Skipping step: IDEDistributionCopyBCSymbolMapsStep because it said so
2019-01-11 18:31:46 +0000  Processing step: IDEDistributionSymbolsStep
2019-01-11 18:31:46 +0000  Skipping step: IDEDistributionSymbolsStep because it said so
2019-01-11 18:31:46 +0000  Skipping step: IDEDistributionSymbolsStep because it said so
2019-01-11 18:31:46 +0000  Skipping step: IDEDistributionSymbolsStep because it said so
2019-01-11 18:31:46 +0000  Skipping step: IDEDistributionSymbolsStep because it said so
2019-01-11 18:31:46 +0000  Processing step: IDEDistributionAppThinningStep
2019-01-11 18:31:46 +0000  Skipping step: IDEDistributionAppThinningStep because it said so
2019-01-11 18:31:46 +0000  Processing step: IDEDistributionODRStep
2019-01-11 18:31:46 +0000  Processing step: IDEDistributionStripXattrsStep
2019-01-11 18:31:46 +0000  Skipping stripping extended attributes of item: <IDEDistributionItem: 0x7f9844f2d0b0 '(null)' '<DVTFilePath:0x7f9845e62230:'/Users/chris/Library/Developer/Xcode/Archives/2019-01-11/MagesInitiation_Steam 2019-01-11, 11.31 AM.xcarchive/Products/Applications/Mage's Initiation.app/Contents/Frameworks/libagsteam.dylib'>'>
2019-01-11 18:31:46 +0000  Skipping stripping extended attributes of item: <IDEDistributionItem: 0x7f9841482080 '(null)' '<DVTFilePath:0x7f9841fb16b0:'/Users/chris/Library/Developer/Xcode/Archives/2019-01-11/MagesInitiation_Steam 2019-01-11, 11.31 AM.xcarchive/Products/Applications/Mage's Initiation.app/Contents/Frameworks/libsteam_api.dylib'>'>
2019-01-11 18:31:46 +0000  Skipping stripping extended attributes of item: <IDEDistributionItem: 0x7f984426bb70 '(null)' '<DVTFilePath:0x7f9845e55a00:'/Users/chris/Library/Developer/Xcode/Archives/2019-01-11/MagesInitiation_Steam 2019-01-11, 11.31 AM.xcarchive/Products/Applications/Mage's Initiation.app/Contents/MacOS/libsteam_api.dylib'>'>
2019-01-11 18:31:46 +0000  Running /usr/bin/xattr '-crs' "/var/folders/hf/3rgfj60n6wvd5zcgxvtk3b_c0000gn/T/XcodeDistPipeline.BCk/Root/Applications/Mage's Initiation.app"
2019-01-11 18:31:47 +0000  
2019-01-11 18:31:47 +0000  
2019-01-11 18:31:47 +0000  /usr/bin/xattr exited with 02019-01-11 18:31:47 +0000  

2019-01-11 18:31:47 +0000  
2019-01-11 18:31:47 +0000  Processing step: IDEDistributionCodesignStep
2019-01-11 18:31:47 +0000  Entitlements for <IDEDistributionItem: 0x7f9844f2d0b0 '(null)' '<DVTFilePath:0x7f9845e62230:'/Users/chris/Library/Developer/Xcode/Archives/2019-01-11/MagesInitiation_Steam 2019-01-11, 11.31 AM.xcarchive/Products/Applications/Mage's Initiation.app/Contents/Frameworks/libagsteam.dylib'>'>: {
}
2019-01-11 18:31:47 +0000  Writing entitlements for <IDEDistributionItem: 0x7f9844f2d0b0 '(null)' '<DVTFilePath:0x7f9845e62230:'/Users/chris/Library/Developer/Xcode/Archives/2019-01-11/MagesInitiation_Steam 2019-01-11, 11.31 AM.xcarchive/Products/Applications/Mage's Initiation.app/Contents/Frameworks/libagsteam.dylib'>'> to: /var/folders/hf/3rgfj60n6wvd5zcgxvtk3b_c0000gn/T/XcodeDistPipeline.BCk/entitlementsRxye13
2019-01-11 18:31:47 +0000  Running /usr/bin/codesign '-vvv' '--force' '--sign' '42E698C2F755D202C0D4AFA43542CFCEA980F412' '--preserve-metadata=identifier,flags' '--entitlements' '/var/folders/hf/3rgfj60n6wvd5zcgxvtk3b_c0000gn/T/XcodeDistPipeline.BCk/entitlementsRxye13' '--requirements' '=designated => anchor apple generic  and identifier "$self.identifier" and ((cert leaf[field.1.2.840.113635.100.6.1.9] exists) or ( certificate 1[field.1.2.840.113635.100.6.2.6] exists and certificate leaf[field.1.2.840.113635.100.6.1.13] exists  and certificate leaf[subject.OU] = "Y3867YPTW6" ))' "/var/folders/hf/3rgfj60n6wvd5zcgxvtk3b_c0000gn/T/XcodeDistPipeline.BCk/Root/Applications/Mage's Initiation.app/Contents/Frameworks/libagsteam.dylib"
2019-01-11 18:31:47 +0000  /var/folders/hf/3rgfj60n6wvd5zcgxvtk3b_c0000gn/T/XcodeDistPipeline.BCk/Root/Applications/Mage's Initiation.app/Contents/Frameworks/libagsteam.dylib: replacing existing signature
2019-01-11 18:31:47 +0000  /var/folders/hf/3rgfj60n6wvd5zcgxvtk3b_c0000gn/T/XcodeDistPipeline.BCk/Root/Applications/Mage's Initiation.app/Contents/Frameworks/libagsteam.dylib: signed Mach-O thin (x86_64) [libagsteam]
2019-01-11 18:31:47 +0000  
2019-01-11 18:31:47 +0000  
2019-01-11 18:31:47 +0000  /usr/bin/codesign exited with 0
2019-01-11 18:31:47 +0000  
2019-01-11 18:31:47 +0000  
2019-01-11 18:31:47 +0000  Entitlements for <IDEDistributionItem: 0x7f9841482080 '(null)' '<DVTFilePath:0x7f9841fb16b0:'/Users/chris/Library/Developer/Xcode/Archives/2019-01-11/MagesInitiation_Steam 2019-01-11, 11.31 AM.xcarchive/Products/Applications/Mage's Initiation.app/Contents/Frameworks/libsteam_api.dylib'>'>: {
}
2019-01-11 18:31:47 +0000  Writing entitlements for <IDEDistributionItem: 0x7f9841482080 '(null)' '<DVTFilePath:0x7f9841fb16b0:'/Users/chris/Library/Developer/Xcode/Archives/2019-01-11/MagesInitiation_Steam 2019-01-11, 11.31 AM.xcarchive/Products/Applications/Mage's Initiation.app/Contents/Frameworks/libsteam_api.dylib'>'> to: /var/folders/hf/3rgfj60n6wvd5zcgxvtk3b_c0000gn/T/XcodeDistPipeline.BCk/entitlementsnYLJLg
2019-01-11 18:31:47 +0000  Running /usr/bin/codesign '-vvv' '--force' '--sign' '42E698C2F755D202C0D4AFA43542CFCEA980F412' '--preserve-metadata=identifier,flags' '--entitlements' '/var/folders/hf/3rgfj60n6wvd5zcgxvtk3b_c0000gn/T/XcodeDistPipeline.BCk/entitlementsnYLJLg' '--requirements' '=designated => anchor apple generic  and identifier "$self.identifier" and ((cert leaf[field.1.2.840.113635.100.6.1.9] exists) or ( certificate 1[field.1.2.840.113635.100.6.2.6] exists and certificate leaf[field.1.2.840.113635.100.6.1.13] exists  and certificate leaf[subject.OU] = "Y3867YPTW6" ))' "/var/folders/hf/3rgfj60n6wvd5zcgxvtk3b_c0000gn/T/XcodeDistPipeline.BCk/Root/Applications/Mage's Initiation.app/Contents/Frameworks/libsteam_api.dylib"
2019-01-11 18:31:47 +0000  /var/folders/hf/3rgfj60n6wvd5zcgxvtk3b_c0000gn/T/XcodeDistPipeline.BCk/Root/Applications/Mage's Initiation.app/Contents/Frameworks/libsteam_api.dylib: replacing existing signature
2019-01-11 18:31:48 +0000  /var/folders/hf/3rgfj60n6wvd5zcgxvtk3b_c0000gn/T/XcodeDistPipeline.BCk/Root/Applications/Mage's Initiation.app/Contents/Frameworks/libsteam_api.dylib: signed Mach-O universal (i386 x86_64) [com.valvesoftware.steam]
2019-01-11 18:31:48 +0000  
2019-01-11 18:31:48 +0000  
2019-01-11 18:31:48 +0000  
2019-01-11 18:31:48 +0000  2019-01-11 18:31:48 +0000  /usr/bin/codesign exited with 0

2019-01-11 18:31:48 +0000  
2019-01-11 18:31:48 +0000  Entitlements for <IDEDistributionItem: 0x7f984426bb70 '(null)' '<DVTFilePath:0x7f9845e55a00:'/Users/chris/Library/Developer/Xcode/Archives/2019-01-11/MagesInitiation_Steam 2019-01-11, 11.31 AM.xcarchive/Products/Applications/Mage's Initiation.app/Contents/MacOS/libsteam_api.dylib'>'>: {
}
2019-01-11 18:31:48 +0000  Writing entitlements for <IDEDistributionItem: 0x7f984426bb70 '(null)' '<DVTFilePath:0x7f9845e55a00:'/Users/chris/Library/Developer/Xcode/Archives/2019-01-11/MagesInitiation_Steam 2019-01-11, 11.31 AM.xcarchive/Products/Applications/Mage's Initiation.app/Contents/MacOS/libsteam_api.dylib'>'> to: /var/folders/hf/3rgfj60n6wvd5zcgxvtk3b_c0000gn/T/XcodeDistPipeline.BCk/entitlementsn6UVb5
2019-01-11 18:31:48 +0000  Running /usr/bin/codesign '-vvv' '--force' '--sign' '42E698C2F755D202C0D4AFA43542CFCEA980F412' '--preserve-metadata=identifier,flags' '--entitlements' '/var/folders/hf/3rgfj60n6wvd5zcgxvtk3b_c0000gn/T/XcodeDistPipeline.BCk/entitlementsn6UVb5' '--requirements' '=designated => anchor apple generic  and identifier "$self.identifier" and ((cert leaf[field.1.2.840.113635.100.6.1.9] exists) or ( certificate 1[field.1.2.840.113635.100.6.2.6] exists and certificate leaf[field.1.2.840.113635.100.6.1.13] exists  and certificate leaf[subject.OU] = "Y3867YPTW6" ))' "/var/folders/hf/3rgfj60n6wvd5zcgxvtk3b_c0000gn/T/XcodeDistPipeline.BCk/Root/Applications/Mage's Initiation.app/Contents/MacOS/libsteam_api.dylib"
2019-01-11 18:31:48 +0000  /var/folders/hf/3rgfj60n6wvd5zcgxvtk3b_c0000gn/T/XcodeDistPipeline.BCk/Root/Applications/Mage's Initiation.app/Contents/MacOS/libsteam_api.dylib: replacing existing signature
2019-01-11 18:31:48 +0000  /var/folders/hf/3rgfj60n6wvd5zcgxvtk3b_c0000gn/T/XcodeDistPipeline.BCk/Root/Applications/Mage's Initiation.app/Contents/MacOS/libsteam_api.dylib: signed Mach-O universal (i386 x86_64) [com.valvesoftware.steam]
2019-01-11 18:31:48 +0000  
2019-01-11 18:31:48 +0000  
2019-01-11 18:31:48 +0000  /usr/bin/codesign exited with 0
2019-01-11 18:31:48 +0000  2019-01-11 18:31:48 +0000  

2019-01-11 18:31:48 +0000  Entitlements for <IDEDistributionItem: 0x7f9844276bf0 'com.himalayastudios.mac.magesinitiation' '<DVTFilePath:0x7f984321bdd0:'/Users/chris/Library/Developer/Xcode/Archives/2019-01-11/MagesInitiation_Steam 2019-01-11, 11.31 AM.xcarchive/Products/Applications/Mage's Initiation.app'>'>: {
}
2019-01-11 18:31:48 +0000  Writing entitlements for <IDEDistributionItem: 0x7f9844276bf0 'com.himalayastudios.mac.magesinitiation' '<DVTFilePath:0x7f984321bdd0:'/Users/chris/Library/Developer/Xcode/Archives/2019-01-11/MagesInitiation_Steam 2019-01-11, 11.31 AM.xcarchive/Products/Applications/Mage's Initiation.app'>'> to: /var/folders/hf/3rgfj60n6wvd5zcgxvtk3b_c0000gn/T/XcodeDistPipeline.BCk/entitlementsARTZj6
2019-01-11 18:31:48 +0000  Running /usr/bin/codesign '-vvv' '--force' '--sign' '42E698C2F755D202C0D4AFA43542CFCEA980F412' '--preserve-metadata=identifier,flags' '--entitlements' '/var/folders/hf/3rgfj60n6wvd5zcgxvtk3b_c0000gn/T/XcodeDistPipeline.BCk/entitlementsARTZj6' '--requirements' '=designated => anchor apple generic  and identifier "$self.identifier" and ((cert leaf[field.1.2.840.113635.100.6.1.9] exists) or ( certificate 1[field.1.2.840.113635.100.6.2.6] exists and certificate leaf[field.1.2.840.113635.100.6.1.13] exists  and certificate leaf[subject.OU] = "Y3867YPTW6" ))' "/var/folders/hf/3rgfj60n6wvd5zcgxvtk3b_c0000gn/T/XcodeDistPipeline.BCk/Root/Applications/Mage's Initiation.app"
2019-01-11 18:31:48 +0000  /var/folders/hf/3rgfj60n6wvd5zcgxvtk3b_c0000gn/T/XcodeDistPipeline.BCk/Root/Applications/Mage's Initiation.app: replacing existing signature
2019-01-11 18:31:59 +0000  /var/folders/hf/3rgfj60n6wvd5zcgxvtk3b_c0000gn/T/XcodeDistPipeline.BCk/Root/Applications/Mage's Initiation.app: signed app bundle with Mach-O thin (x86_64) [com.himalayastudios.mac.magesinitiation]
2019-01-11 18:31:59 +0000  
2019-01-11 18:31:59 +0000  
2019-01-11 18:31:59 +0000  
2019-01-11 18:31:59 +0000  
2019-01-11 18:31:59 +0000  /usr/bin/codesign exited with 0
2019-01-11 18:31:59 +0000  
2019-01-11 18:31:59 +0000  
2019-01-11 18:31:59 +0000  Processing step: IDEDistributionStreamingZipItemStep
2019-01-11 18:31:59 +0000  Skipping step: IDEDistributionStreamingZipItemStep because it said so
2019-01-11 18:31:59 +0000  Skipping step: IDEDistributionStreamingZipItemStep because it said so
2019-01-11 18:31:59 +0000  Skipping step: IDEDistributionStreamingZipItemStep because it said so
2019-01-11 18:31:59 +0000  Skipping step: IDEDistributionStreamingZipItemStep because it said so
2019-01-11 18:31:59 +0000  Processing step: IDEDistributionSkipPackagingStep
2019-01-11 18:31:59 +0000  Processing step: IDEDistributionCreateManifestStep
2019-01-11 18:31:59 +0000  Skipping step: IDEDistributionCreateManifestStep because it said so
